build/app/intermediates/manifest_merge_blame_file/release/manifest-merger-blame-release-report.txt
1<?xml version="1.0" encoding="utf-8"?>
2<manifest xmlns:android="http://schemas.android.com/apk/res/android"
3    package="com.mahmoudnagy.screenshot"
4    android:versionCode="1"
5    android:versionName="1.0.0" >
6
7    <uses-sdk
8        android:minSdkVersion="21"
9        android:targetSdkVersion="34" />
10
11    <uses-permission android:name="android.permission.WRITE_EXTERNAL_STORAGE" />
11-->src\main\AndroidManifest.xml:3:5-80
11-->src\main\AndroidManifest.xml:3:22-78
12    <uses-permission android:name="android.permission.READ_EXTERNAL_STORAGE" />
12-->src\main\AndroidManifest.xml:4:5-79
12-->src\main\AndroidManifest.xml:4:22-77
13    <!-- Provide required visibility configuration for API level 30 and above -->
14    <queries>
14-->src\main\AndroidManifest.xml:6:5-22:15
15
16        <!-- If your app checks for SMS support -->
17        <intent>
17-->src\main\AndroidManifest.xml:8:9-11:18
18            <action android:name="android.intent.action.VIEW" />
18-->src\main\AndroidManifest.xml:9:13-65
18-->src\main\AndroidManifest.xml:9:21-62
19
20            <data android:scheme="https" />
20-->src\main\AndroidManifest.xml:10:13-44
20-->src\main\AndroidManifest.xml:10:19-41
21        </intent>
22        <!-- If your app checks for call support -->
23        <intent>
23-->src\main\AndroidManifest.xml:13:9-16:18
24            <action android:name="android.intent.action.VIEW" />
24-->src\main\AndroidManifest.xml:9:13-65
24-->src\main\AndroidManifest.xml:9:21-62
25
26            <data android:scheme="mailto" />
26-->src\main\AndroidManifest.xml:10:13-44
26-->src\main\AndroidManifest.xml:10:19-41
27        </intent>
28
29        <!-- If your application checks for inAppBrowserView launch mode support -->
30        <intent>
30-->src\main\AndroidManifest.xml:19:9-21:18
31            <action android:name="android.support.customtabs.action.CustomTabsService" />
31-->src\main\AndroidManifest.xml:20:13-90
31-->src\main\AndroidManifest.xml:20:21-87
32        </intent>
33    </queries>
34    <!--
35         Required to query activities that can process text, see:
36         https://developer.android.com/training/package-visibility and
37         https://developer.android.com/reference/android/content/Intent#ACTION_PROCESS_TEXT.
38
39         In particular, this is used by the Flutter engine in io.flutter.plugin.text.ProcessTextPlugin.
40    -->
41    <queries>
41-->src\main\AndroidManifest.xml:6:5-22:15
42        <intent>
42-->src\main\AndroidManifest.xml:62:9-65:18
43            <action android:name="android.intent.action.PROCESS_TEXT" />
43-->src\main\AndroidManifest.xml:63:13-72
43-->src\main\AndroidManifest.xml:63:21-70
44
45            <data android:mimeType="text/plain" />
45-->src\main\AndroidManifest.xml:10:13-44
45-->src\main\AndroidManifest.xml:64:19-48
46        </intent>
47    </queries>
48
49    <uses-permission android:name="android.permission.ACCESS_NETWORK_STATE" />
49-->[androidx.media3:media3-common:1.4.1] AndroidManifest.xml:22:5-79
49-->[androidx.media3:media3-common:1.4.1] AndroidManifest.xml:22:22-76
50
51    <permission
51-->[androidx.core:core:1.13.1] AndroidManifest.xml:22:5-24:47
52        android:name="com.mahmoudnagy.screenshot.DYNAMIC_RECEIVER_NOT_EXPORTED_PERMISSION"
52-->[androidx.core:core:1.13.1] AndroidManifest.xml:23:9-81
53        android:protectionLevel="signature" />
53-->[androidx.core:core:1.13.1] AndroidManifest.xml:24:9-44
54
55    <uses-permission android:name="com.mahmoudnagy.screenshot.DYNAMIC_RECEIVER_NOT_EXPORTED_PERMISSION" />
55-->[androidx.core:core:1.13.1] AndroidManifest.xml:26:5-97
55-->[androidx.core:core:1.13.1] AndroidManifest.xml:26:22-94
56
57    <application
58        android:name="android.app.Application"
58-->src\main\AndroidManifest.xml:26:9-42
59        android:appComponentFactory="androidx.core.app.CoreComponentFactory"
59-->[androidx.core:core:1.13.1] AndroidManifest.xml:28:18-86
60        android:extractNativeLibs="true"
61        android:icon="@mipmap/ic_launcher"
61-->src\main\AndroidManifest.xml:27:9-43
62        android:label="Screenshot"
62-->src\main\AndroidManifest.xml:25:9-35
63        android:requestLegacyExternalStorage="true" >
63-->src\main\AndroidManifest.xml:24:9-52
64        <activity
64-->src\main\AndroidManifest.xml:28:9-49:20
65            android:name="com.example.screenshot.MainActivity"
65-->src\main\AndroidManifest.xml:29:13-41
66            android:configChanges="orientation|keyboardHidden|keyboard|screenSize|smallestScreenSize|locale|layoutDirection|fontScale|screenLayout|density|uiMode"
66-->src\main\AndroidManifest.xml:34:13-163
67            android:exported="true"
67-->src\main\AndroidManifest.xml:30:13-36
68            android:hardwareAccelerated="true"
68-->src\main\AndroidManifest.xml:35:13-47
69            android:launchMode="singleTop"
69-->src\main\AndroidManifest.xml:31:13-43
70            android:taskAffinity=""
70-->src\main\AndroidManifest.xml:32:13-36
71            android:theme="@style/LaunchTheme"
71-->src\main\AndroidManifest.xml:33:13-47
72            android:windowSoftInputMode="adjustResize" >
72-->src\main\AndroidManifest.xml:36:13-55
73
74            <!--
75                 Specifies an Android theme to apply to this Activity as soon as
76                 the Android process has started. This theme is visible to the user
77                 while the Flutter UI initializes. After that, this theme continues
78                 to determine the Window background behind the Flutter UI.
79            -->
80            <meta-data
80-->src\main\AndroidManifest.xml:41:13-44:17
81                android:name="io.flutter.embedding.android.NormalTheme"
81-->src\main\AndroidManifest.xml:42:15-70
82                android:resource="@style/NormalTheme" />
82-->src\main\AndroidManifest.xml:43:15-52
83
84            <intent-filter>
84-->src\main\AndroidManifest.xml:45:13-48:29
85                <action android:name="android.intent.action.MAIN" />
85-->src\main\AndroidManifest.xml:46:17-68
85-->src\main\AndroidManifest.xml:46:25-66
86
87                <category android:name="android.intent.category.LAUNCHER" />
87-->src\main\AndroidManifest.xml:47:17-76
87-->src\main\AndroidManifest.xml:47:27-74
88            </intent-filter>
89        </activity>
90        <!--
91             Don't delete the meta-data below.
92             This is used by the Flutter tool to generate GeneratedPluginRegistrant.java
93        -->
94        <meta-data
94-->src\main\AndroidManifest.xml:52:9-54:33
95            android:name="flutterEmbedding"
95-->src\main\AndroidManifest.xml:53:13-44
96            android:value="2" />
96-->src\main\AndroidManifest.xml:54:13-30
97        <!--
98           Declares a provider which allows us to store files to share in
99           '.../caches/share_plus' and grant the receiving action access
100        -->
101        <provider
101-->[:share_plus] AndroidManifest.xml:13:9-21:20
102            android:name="dev.fluttercommunity.plus.share.ShareFileProvider"
102-->[:share_plus] AndroidManifest.xml:14:13-77
103            android:authorities="com.mahmoudnagy.screenshot.flutter.share_provider"
103-->[:share_plus] AndroidManifest.xml:15:13-74
104            android:exported="false"
104-->[:share_plus] AndroidManifest.xml:16:13-37
105            android:grantUriPermissions="true" >
105-->[:share_plus] AndroidManifest.xml:17:13-47
106            <meta-data
106-->[:share_plus] AndroidManifest.xml:18:13-20:68
107                android:name="android.support.FILE_PROVIDER_PATHS"
107-->[:share_plus] AndroidManifest.xml:19:17-67
108                android:resource="@xml/flutter_share_file_paths" />
108-->[:share_plus] AndroidManifest.xml:20:17-65
109        </provider>
110        <!--
111           This manifest declared broadcast receiver allows us to use an explicit
112           Intent when creating a PendingItent to be informed of the user's choice
113        -->
114        <receiver
114-->[:share_plus] AndroidManifest.xml:26:9-32:20
115            android:name="dev.fluttercommunity.plus.share.SharePlusPendingIntent"
115-->[:share_plus] AndroidManifest.xml:27:13-82
116            android:exported="false" >
116-->[:share_plus] AndroidManifest.xml:28:13-37
117            <intent-filter>
117-->[:share_plus] AndroidManifest.xml:29:13-31:29
118                <action android:name="EXTRA_CHOSEN_COMPONENT" />
118-->[:share_plus] AndroidManifest.xml:30:17-65
118-->[:share_plus] AndroidManifest.xml:30:25-62
119            </intent-filter>
120        </receiver>
121
122        <activity
122-->[:url_launcher_android] AndroidManifest.xml:8:9-11:74
123            android:name="io.flutter.plugins.urllauncher.WebViewActivity"
123-->[:url_launcher_android] AndroidManifest.xml:9:13-74
124            android:exported="false"
124-->[:url_launcher_android] AndroidManifest.xml:10:13-37
125            android:theme="@android:style/Theme.NoTitleBar.Fullscreen" />
125-->[:url_launcher_android] AndroidManifest.xml:11:13-71
126
127        <uses-library
127-->[androidx.window:window:1.2.0] AndroidManifest.xml:23:9-25:40
128            android:name="androidx.window.extensions"
128-->[androidx.window:window:1.2.0] AndroidManifest.xml:24:13-54
129            android:required="false" />
129-->[androidx.window:window:1.2.0] AndroidManifest.xml:25:13-37
130        <uses-library
130-->[androidx.window:window:1.2.0] AndroidManifest.xml:26:9-28:40
131            android:name="androidx.window.sidecar"
131-->[androidx.window:window:1.2.0] AndroidManifest.xml:27:13-51
132            android:required="false" />
132-->[androidx.window:window:1.2.0] AndroidManifest.xml:28:13-37
133
134        <provider
134-->[androidx.lifecycle:lifecycle-process:2.7.0] AndroidManifest.xml:24:9-32:20
135            android:name="androidx.startup.InitializationProvider"
135-->[androidx.lifecycle:lifecycle-process:2.7.0] AndroidManifest.xml:25:13-67
136            android:authorities="com.mahmoudnagy.screenshot.androidx-startup"
136-->[androidx.lifecycle:lifecycle-process:2.7.0] AndroidManifest.xml:26:13-68
137            android:exported="false" >
137-->[androidx.lifecycle:lifecycle-process:2.7.0] AndroidManifest.xml:27:13-37
138            <meta-data
138-->[androidx.lifecycle:lifecycle-process:2.7.0] AndroidManifest.xml:29:13-31:52
139                android:name="androidx.lifecycle.ProcessLifecycleInitializer"
139-->[androidx.lifecycle:lifecycle-process:2.7.0] AndroidManifest.xml:30:17-78
140                android:value="androidx.startup" />
140-->[androidx.lifecycle:lifecycle-process:2.7.0] AndroidManifest.xml:31:17-49
141            <meta-data
141-->[androidx.profileinstaller:profileinstaller:1.3.1] AndroidManifest.xml:29:13-31:52
142                android:name="androidx.profileinstaller.ProfileInstallerInitializer"
142-->[androidx.profileinstaller:profileinstaller:1.3.1] AndroidManifest.xml:30:17-85
143                android:value="androidx.startup" />
143-->[androidx.profileinstaller:profileinstaller:1.3.1] AndroidManifest.xml:31:17-49
144        </provider>
145
146        <receiver
146-->[androidx.profileinstaller:profileinstaller:1.3.1] AndroidManifest.xml:34:9-52:20
147            android:name="androidx.profileinstaller.ProfileInstallReceiver"
147-->[androidx.profileinstaller:profileinstaller:1.3.1] AndroidManifest.xml:35:13-76
148            android:directBootAware="false"
148-->[androidx.profileinstaller:profileinstaller:1.3.1] AndroidManifest.xml:36:13-44
149            android:enabled="true"
149-->[androidx.profileinstaller:profileinstaller:1.3.1] AndroidManifest.xml:37:13-35
150            android:exported="true"
150-->[androidx.profileinstaller:profileinstaller:1.3.1] AndroidManifest.xml:38:13-36
151            android:permission="android.permission.DUMP" >
151-->[androidx.profileinstaller:profileinstaller:1.3.1] AndroidManifest.xml:39:13-57
152            <intent-filter>
152-->[androidx.profileinstaller:profileinstaller:1.3.1] AndroidManifest.xml:40:13-42:29
153                <action android:name="androidx.profileinstaller.action.INSTALL_PROFILE" />
153-->[androidx.profileinstaller:profileinstaller:1.3.1] AndroidManifest.xml:41:17-91
153-->[androidx.profileinstaller:profileinstaller:1.3.1] AndroidManifest.xml:41:25-88
154            </intent-filter>
155            <intent-filter>
155-->[androidx.profileinstaller:profileinstaller:1.3.1] AndroidManifest.xml:43:13-45:29
156                <action android:name="androidx.profileinstaller.action.SKIP_FILE" />
156-->[androidx.profileinstaller:profileinstaller:1.3.1] AndroidManifest.xml:44:17-85
156-->[androidx.profileinstaller:profileinstaller:1.3.1] AndroidManifest.xml:44:25-82
157            </intent-filter>
158            <intent-filter>
158-->[androidx.profileinstaller:profileinstaller:1.3.1] AndroidManifest.xml:46:13-48:29
159                <action android:name="androidx.profileinstaller.action.SAVE_PROFILE" />
159-->[androidx.profileinstaller:profileinstaller:1.3.1] AndroidManifest.xml:47:17-88
159-->[androidx.profileinstaller:profileinstaller:1.3.1] AndroidManifest.xml:47:25-85
160            </intent-filter>
161            <intent-filter>
161-->[androidx.profileinstaller:profileinstaller:1.3.1] AndroidManifest.xml:49:13-51:29
162                <action android:name="androidx.profileinstaller.action.BENCHMARK_OPERATION" />
162-->[androidx.profileinstaller:profileinstaller:1.3.1] AndroidManifest.xml:50:17-95
162-->[androidx.profileinstaller:profileinstaller:1.3.1] AndroidManifest.xml:50:25-92
163            </intent-filter>
164        </receiver>
165    </application>
166
167</manifest>